2025-03-22 11:39:38,680 - flight_importer - ERROR - 導入航班失敗: ('23000', '[23000] [Microsoft][ODBC SQL Server Driver][SQL Server]INSERT 陳述式與 FOREIGN KEY 條件約束 "fk_flights_airlines" 衝突。衝突發生在資料庫 "FlightBookingDB"，資料表 "dbo.Airlines", column \'airline_id\'。 (547) (SQLExecDirectW); [23000] [Microsoft][ODBC SQL Server Driver][SQL Server]陳述式已經結束。 (3621)')
2025-03-22 11:39:38,815 - flight_importer - INFO - 成功導入航班: BR157 (2025-03-22)
2025-03-22 11:39:38,939 - flight_importer - INFO - 成功導入航班: CX350 (2025-03-22)
2025-03-22 11:39:39,264 - flight_importer - INFO - 成功導入航班: JL219 (2025-03-22)
2025-03-22 11:39:39,381 - flight_importer - INFO - 成功導入航班: BR512 (2025-03-22)
2025-03-22 11:39:39,495 - flight_importer - ERROR - 導入航班失敗: ('23000', '[23000] [Microsoft][ODBC SQL Server Driver][SQL Server]INSERT 陳述式與 FOREIGN KEY 條件約束 "fk_flights_airlines" 衝突。衝突發生在資料庫 "FlightBookingDB"，資料表 "dbo.Airlines", column \'airline_id\'。 (547) (SQLExecDirectW); [23000] [Microsoft][ODBC SQL Server Driver][SQL Server]陳述式已經結束。 (3621)')
2025-03-22 11:39:39,608 - flight_importer - ERROR - 導入航班失敗: ('23000', '[23000] [Microsoft][ODBC SQL Server Driver][SQL Server]INSERT 陳述式與 FOREIGN KEY 條件約束 "fk_flights_airlines" 衝突。衝突發生在資料庫 "FlightBookingDB"，資料表 "dbo.Airlines", column \'airline_id\'。 (547) (SQLExecDirectW); [23000] [Microsoft][ODBC SQL Server Driver][SQL Server]陳述式已經結束。 (3621)')
2025-03-22 11:39:39,720 - flight_importer - INFO - 成功導入航班: CX827 (2025-03-22)
2025-03-22 11:39:39,831 - flight_importer - INFO - 成功導入航班: AE790 (2025-03-22)
2025-03-22 11:39:39,945 - flight_importer - INFO - 成功導入航班: CI255 (2025-03-22)
2025-03-22 11:39:40,071 - flight_importer - ERROR - 導入航班失敗: ('23000', '[23000] [Microsoft][ODBC SQL Server Driver][SQL Server]INSERT 陳述式與 FOREIGN KEY 條件約束 "fk_flights_airlines" 衝突。衝突發生在資料庫 "FlightBookingDB"，資料表 "dbo.Airlines", column \'airline_id\'。 (547) (SQLExecDirectW); [23000] [Microsoft][ODBC SQL Server Driver][SQL Server]陳述式已經結束。 (3621)')
2025-03-22 11:39:40,203 - flight_importer - ERROR - 導入航班失敗: ('23000', '[23000] [Microsoft][ODBC SQL Server Driver][SQL Server]INSERT 陳述式與 FOREIGN KEY 條件約束 "fk_flights_airlines" 衝突。衝突發生在資料庫 "FlightBookingDB"，資料表 "dbo.Airlines", column \'airline_id\'。 (547) (SQLExecDirectW); [23000] [Microsoft][ODBC SQL Server Driver][SQL Server]陳述式已經結束。 (3621)')
2025-03-22 11:39:40,365 - flight_importer - INFO - 成功導入航班: JL559 (2025-03-22)
2025-03-22 11:39:40,479 - flight_importer - INFO - 成功導入航班: BR929 (2025-03-22)
2025-03-22 11:39:40,589 - flight_importer - INFO - 成功導入航班: CX960 (2025-03-22)
2025-03-22 11:39:40,705 - flight_importer - INFO - 成功導入航班: CI776 (2025-03-22)
2025-03-22 11:39:40,817 - flight_importer - ERROR - 導入航班失敗: ('23000', '[23000] [Microsoft][ODBC SQL Server Driver][SQL Server]INSERT 陳述式與 FOREIGN KEY 條件約束 "fk_flights_airlines" 衝突。衝突發生在資料庫 "FlightBookingDB"，資料表 "dbo.Airlines", column \'airline_id\'。 (547) (SQLExecDirectW); [23000] [Microsoft][ODBC SQL Server Driver][SQL Server]陳述式已經結束。 (3621)')
2025-03-22 11:39:40,927 - flight_importer - ERROR - 導入航班失敗: ('23000', '[23000] [Microsoft][ODBC SQL Server Driver][SQL Server]INSERT 陳述式與 FOREIGN KEY 條件約束 "fk_flights_airlines" 衝突。衝突發生在資料庫 "FlightBookingDB"，資料表 "dbo.Airlines", column \'airline_id\'。 (547) (SQLExecDirectW); [23000] [Microsoft][ODBC SQL Server Driver][SQL Server]陳述式已經結束。 (3621)')
2025-03-22 11:39:41,035 - flight_importer - INFO - 成功導入航班: CI881 (2025-03-22)
2025-03-22 11:39:41,140 - flight_importer - INFO - 成功導入航班: AE492 (2025-03-22)
2025-03-22 11:39:41,303 - flight_importer - ERROR - 導入航班失敗: ('23000', '[23000] [Microsoft][ODBC SQL Server Driver][SQL Server]INSERT 陳述式與 FOREIGN KEY 條件約束 "fk_flights_airlines" 衝突。衝突發生在資料庫 "FlightBookingDB"，資料表 "dbo.Airlines", column \'airline_id\'。 (547) (SQLExecDirectW); [23000] [Microsoft][ODBC SQL Server Driver][SQL Server]陳述式已經結束。 (3621)')
2025-03-22 11:39:41,413 - flight_importer - ERROR - 導入航班失敗: ('23000', '[23000] [Microsoft][ODBC SQL Server Driver][SQL Server]INSERT 陳述式與 FOREIGN KEY 條件約束 "fk_flights_airlines" 衝突。衝突發生在資料庫 "FlightBookingDB"，資料表 "dbo.Airlines", column \'airline_id\'。 (547) (SQLExecDirectW); [23000] [Microsoft][ODBC SQL Server Driver][SQL Server]陳述式已經結束。 (3621)')
2025-03-22 11:39:41,522 - flight_importer - ERROR - 導入航班失敗: ('23000', '[23000] [Microsoft][ODBC SQL Server Driver][SQL Server]INSERT 陳述式與 FOREIGN KEY 條件約束 "fk_flights_airlines" 衝突。衝突發生在資料庫 "FlightBookingDB"，資料表 "dbo.Airlines", column \'airline_id\'。 (547) (SQLExecDirectW); [23000] [Microsoft][ODBC SQL Server Driver][SQL Server]陳述式已經結束。 (3621)')
2025-03-22 11:39:41,631 - flight_importer - ERROR - 導入航班失敗: ('23000', '[23000] [Microsoft][ODBC SQL Server Driver][SQL Server]INSERT 陳述式與 FOREIGN KEY 條件約束 "fk_flights_airlines" 衝突。衝突發生在資料庫 "FlightBookingDB"，資料表 "dbo.Airlines", column \'airline_id\'。 (547) (SQLExecDirectW); [23000] [Microsoft][ODBC SQL Server Driver][SQL Server]陳述式已經結束。 (3621)')
2025-03-22 11:39:41,739 - flight_importer - ERROR - 導入航班失敗: ('23000', '[23000] [Microsoft][ODBC SQL Server Driver][SQL Server]INSERT 陳述式與 FOREIGN KEY 條件約束 "fk_flights_airlines" 衝突。衝突發生在資料庫 "FlightBookingDB"，資料表 "dbo.Airlines", column \'airline_id\'。 (547) (SQLExecDirectW); [23000] [Microsoft][ODBC SQL Server Driver][SQL Server]陳述式已經結束。 (3621)')
2025-03-22 11:39:41,855 - flight_importer - ERROR - 導入航班失敗: ('23000', '[23000] [Microsoft][ODBC SQL Server Driver][SQL Server]INSERT 陳述式與 FOREIGN KEY 條件約束 "fk_flights_airlines" 衝突。衝突發生在資料庫 "FlightBookingDB"，資料表 "dbo.Airlines", column \'airline_id\'。 (547) (SQLExecDirectW); [23000] [Microsoft][ODBC SQL Server Driver][SQL Server]陳述式已經結束。 (3621)')
2025-03-22 11:39:41,965 - flight_importer - ERROR - 導入航班失敗: ('23000', '[23000] [Microsoft][ODBC SQL Server Driver][SQL Server]INSERT 陳述式與 FOREIGN KEY 條件約束 "fk_flights_airlines" 衝突。衝突發生在資料庫 "FlightBookingDB"，資料表 "dbo.Airlines", column \'airline_id\'。 (547) (SQLExecDirectW); [23000] [Microsoft][ODBC SQL Server Driver][SQL Server]陳述式已經結束。 (3621)')
2025-03-22 11:39:42,083 - flight_importer - ERROR - 導入航班失敗: ('23000', '[23000] [Microsoft][ODBC SQL Server Driver][SQL Server]INSERT 陳述式與 FOREIGN KEY 條件約束 "fk_flights_airlines" 衝突。衝突發生在資料庫 "FlightBookingDB"，資料表 "dbo.Airlines", column \'airline_id\'。 (547) (SQLExecDirectW); [23000] [Microsoft][ODBC SQL Server Driver][SQL Server]陳述式已經結束。 (3621)')
2025-03-22 11:39:42,195 - flight_importer - ERROR - 導入航班失敗: ('23000', '[23000] [Microsoft][ODBC SQL Server Driver][SQL Server]INSERT 陳述式與 FOREIGN KEY 條件約束 "fk_flights_airlines" 衝突。衝突發生在資料庫 "FlightBookingDB"，資料表 "dbo.Airlines", column \'airline_id\'。 (547) (SQLExecDirectW); [23000] [Microsoft][ODBC SQL Server Driver][SQL Server]陳述式已經結束。 (3621)')
2025-03-22 11:39:42,306 - flight_importer - INFO - 成功導入航班: BR899 (2025-03-23)
2025-03-22 11:39:42,412 - flight_importer - ERROR - 導入航班失敗: ('23000', '[23000] [Microsoft][ODBC SQL Server Driver][SQL Server]INSERT 陳述式與 FOREIGN KEY 條件約束 "fk_flights_airlines" 衝突。衝突發生在資料庫 "FlightBookingDB"，資料表 "dbo.Airlines", column \'airline_id\'。 (547) (SQLExecDirectW); [23000] [Microsoft][ODBC SQL Server Driver][SQL Server]陳述式已經結束。 (3621)')
2025-03-22 11:39:42,541 - flight_importer - INFO - 成功導入航班: CI217 (2025-03-23)
2025-03-22 11:39:42,661 - flight_importer - INFO - 成功導入航班: BR282 (2025-03-23)
2025-03-22 11:39:42,768 - flight_importer - ERROR - 導入航班失敗: ('23000', '[23000] [Microsoft][ODBC SQL Server Driver][SQL Server]INSERT 陳述式與 FOREIGN KEY 條件約束 "fk_flights_airlines" 衝突。衝突發生在資料庫 "FlightBookingDB"，資料表 "dbo.Airlines", column \'airline_id\'。 (547) (SQLExecDirectW); [23000] [Microsoft][ODBC SQL Server Driver][SQL Server]陳述式已經結束。 (3621)')
2025-03-22 11:39:42,880 - flight_importer - ERROR - 導入航班失敗: ('23000', '[23000] [Microsoft][ODBC SQL Server Driver][SQL Server]INSERT 陳述式與 FOREIGN KEY 條件約束 "fk_flights_airlines" 衝突。衝突發生在資料庫 "FlightBookingDB"，資料表 "dbo.Airlines", column \'airline_id\'。 (547) (SQLExecDirectW); [23000] [Microsoft][ODBC SQL Server Driver][SQL Server]陳述式已經結束。 (3621)')
2025-03-22 11:39:42,997 - flight_importer - ERROR - 導入航班失敗: ('23000', '[23000] [Microsoft][ODBC SQL Server Driver][SQL Server]INSERT 陳述式與 FOREIGN KEY 條件約束 "fk_flights_airlines" 衝突。衝突發生在資料庫 "FlightBookingDB"，資料表 "dbo.Airlines", column \'airline_id\'。 (547) (SQLExecDirectW); [23000] [Microsoft][ODBC SQL Server Driver][SQL Server]陳述式已經結束。 (3621)')
2025-03-22 11:39:43,100 - flight_importer - INFO - 成功導入航班: AE320 (2025-03-23)
2025-03-22 11:39:43,210 - flight_importer - ERROR - 導入航班失敗: ('23000', '[23000] [Microsoft][ODBC SQL Server Driver][SQL Server]INSERT 陳述式與 FOREIGN KEY 條件約束 "fk_flights_airlines" 衝突。衝突發生在資料庫 "FlightBookingDB"，資料表 "dbo.Airlines", column \'airline_id\'。 (547) (SQLExecDirectW); [23000] [Microsoft][ODBC SQL Server Driver][SQL Server]陳述式已經結束。 (3621)')
2025-03-22 11:39:43,321 - flight_importer - INFO - 成功導入航班: JL457 (2025-03-23)
2025-03-22 11:39:43,426 - flight_importer - ERROR - 導入航班失敗: ('23000', '[23000] [Microsoft][ODBC SQL Server Driver][SQL Server]INSERT 陳述式與 FOREIGN KEY 條件約束 "fk_flights_airlines" 衝突。衝突發生在資料庫 "FlightBookingDB"，資料表 "dbo.Airlines", column \'airline_id\'。 (547) (SQLExecDirectW); [23000] [Microsoft][ODBC SQL Server Driver][SQL Server]陳述式已經結束。 (3621)')
2025-03-22 11:39:43,665 - flight_importer - ERROR - 導入航班失敗: ('23000', '[23000] [Microsoft][ODBC SQL Server Driver][SQL Server]INSERT 陳述式與 FOREIGN KEY 條件約束 "fk_flights_airlines" 衝突。衝突發生在資料庫 "FlightBookingDB"，資料表 "dbo.Airlines", column \'airline_id\'。 (547) (SQLExecDirectW); [23000] [Microsoft][ODBC SQL Server Driver][SQL Server]陳述式已經結束。 (3621)')
2025-03-22 11:39:43,778 - flight_importer - ERROR - 導入航班失敗: ('23000', '[23000] [Microsoft][ODBC SQL Server Driver][SQL Server]INSERT 陳述式與 FOREIGN KEY 條件約束 "fk_flights_airlines" 衝突。衝突發生在資料庫 "FlightBookingDB"，資料表 "dbo.Airlines", column \'airline_id\'。 (547) (SQLExecDirectW); [23000] [Microsoft][ODBC SQL Server Driver][SQL Server]陳述式已經結束。 (3621)')
2025-03-22 11:39:43,885 - flight_importer - INFO - 成功導入航班: CX978 (2025-03-24)
2025-03-22 11:39:43,989 - flight_importer - ERROR - 導入航班失敗: ('23000', '[23000] [Microsoft][ODBC SQL Server Driver][SQL Server]INSERT 陳述式與 FOREIGN KEY 條件約束 "fk_flights_airlines" 衝突。衝突發生在資料庫 "FlightBookingDB"，資料表 "dbo.Airlines", column \'airline_id\'。 (547) (SQLExecDirectW); [23000] [Microsoft][ODBC SQL Server Driver][SQL Server]陳述式已經結束。 (3621)')
2025-03-22 11:39:44,101 - flight_importer - INFO - 成功導入航班: AE206 (2025-03-24)
2025-03-22 11:39:44,212 - flight_importer - ERROR - 導入航班失敗: ('23000', '[23000] [Microsoft][ODBC SQL Server Driver][SQL Server]INSERT 陳述式與 FOREIGN KEY 條件約束 "fk_flights_airlines" 衝突。衝突發生在資料庫 "FlightBookingDB"，資料表 "dbo.Airlines", column \'airline_id\'。 (547) (SQLExecDirectW); [23000] [Microsoft][ODBC SQL Server Driver][SQL Server]陳述式已經結束。 (3621)')
2025-03-22 11:39:44,323 - flight_importer - INFO - 成功導入航班: CX635 (2025-03-24)
2025-03-22 11:39:44,433 - flight_importer - ERROR - 導入航班失敗: ('23000', '[23000] [Microsoft][ODBC SQL Server Driver][SQL Server]INSERT 陳述式與 FOREIGN KEY 條件約束 "fk_flights_airlines" 衝突。衝突發生在資料庫 "FlightBookingDB"，資料表 "dbo.Airlines", column \'airline_id\'。 (547) (SQLExecDirectW); [23000] [Microsoft][ODBC SQL Server Driver][SQL Server]陳述式已經結束。 (3621)')
2025-03-22 11:39:44,543 - flight_importer - ERROR - 導入航班失敗: ('23000', '[23000] [Microsoft][ODBC SQL Server Driver][SQL Server]INSERT 陳述式與 FOREIGN KEY 條件約束 "fk_flights_airlines" 衝突。衝突發生在資料庫 "FlightBookingDB"，資料表 "dbo.Airlines", column \'airline_id\'。 (547) (SQLExecDirectW); [23000] [Microsoft][ODBC SQL Server Driver][SQL Server]陳述式已經結束。 (3621)')
2025-03-22 11:39:44,651 - flight_importer - ERROR - 導入航班失敗: ('23000', '[23000] [Microsoft][ODBC SQL Server Driver][SQL Server]INSERT 陳述式與 FOREIGN KEY 條件約束 "fk_flights_airlines" 衝突。衝突發生在資料庫 "FlightBookingDB"，資料表 "dbo.Airlines", column \'airline_id\'。 (547) (SQLExecDirectW); [23000] [Microsoft][ODBC SQL Server Driver][SQL Server]陳述式已經結束。 (3621)')
2025-03-22 11:39:44,821 - flight_importer - INFO - 成功導入航班: BR774 (2025-03-24)
2025-03-22 11:39:44,936 - flight_importer - INFO - 成功導入航班: CX489 (2025-03-24)
2025-03-22 11:39:45,049 - flight_importer - INFO - 成功導入航班: JL748 (2025-03-24)
2025-03-22 11:39:45,160 - flight_importer - ERROR - 導入航班失敗: ('23000', '[23000] [Microsoft][ODBC SQL Server Driver][SQL Server]INSERT 陳述式與 FOREIGN KEY 條件約束 "fk_flights_airlines" 衝突。衝突發生在資料庫 "FlightBookingDB"，資料表 "dbo.Airlines", column \'airline_id\'。 (547) (SQLExecDirectW); [23000] [Microsoft][ODBC SQL Server Driver][SQL Server]陳述式已經結束。 (3621)')
2025-03-22 11:39:45,271 - flight_importer - INFO - 成功導入航班: JL164 (2025-03-24)
2025-03-22 11:39:45,380 - flight_importer - INFO - 成功導入航班: CI621 (2025-03-24)
2025-03-22 11:39:45,488 - flight_importer - ERROR - 導入航班失敗: ('23000', '[23000] [Microsoft][ODBC SQL Server Driver][SQL Server]INSERT 陳述式與 FOREIGN KEY 條件約束 "fk_flights_airlines" 衝突。衝突發生在資料庫 "FlightBookingDB"，資料表 "dbo.Airlines", column \'airline_id\'。 (547) (SQLExecDirectW); [23000] [Microsoft][ODBC SQL Server Driver][SQL Server]陳述式已經結束。 (3621)')
2025-03-22 11:39:45,597 - flight_importer - ERROR - 導入航班失敗: ('23000', '[23000] [Microsoft][ODBC SQL Server Driver][SQL Server]INSERT 陳述式與 FOREIGN KEY 條件約束 "fk_flights_airlines" 衝突。衝突發生在資料庫 "FlightBookingDB"，資料表 "dbo.Airlines", column \'airline_id\'。 (547) (SQLExecDirectW); [23000] [Microsoft][ODBC SQL Server Driver][SQL Server]陳述式已經結束。 (3621)')
2025-03-22 11:39:45,702 - flight_importer - INFO - 成功導入航班: AE924 (2025-03-24)
2025-03-22 11:39:45,811 - flight_importer - INFO - 成功導入航班: JL103 (2025-03-24)
